2018-04-29 06:41:10 +0000  Initial pipeline context: <IDEDistributionProcessingPipelineContext: 0x7f9498c44770; archive(resolved)='<IDEArchive: 0x7f9499c61830>', distributionTask(resolved)='1', distributionMethod(resolved)='<IDEDistributionMethodiOSAppStoreDistribution: 0x7f94b6c196e0>', team(resolved)='<IDEProvisioningBasicTeam: 0x7f9498b76620; teamID='WV7PNRHR8Y', teamName='BEETRE LLC.'>'>
	Chain (11, self inclusive):
	<IDEDistributionProcessingPipelineContext: 0x7f9498c44770; archive = '<IDEArchive: 0x7f9499c61830>', distributionMethod='<IDEDistributionMethodiOSAppStoreDistribution: 0x7f94b6c196e0>', team='<IDEProvisioningBasicTeam: 0x7f9498b76620; teamID='WV7PNRHR8Y', teamName='BEETRE LLC.'>'>
	<IDEDistributionProcessingPipelineContext: 0x7f949b234610; archive = '<IDEArchive: 0x7f9499c61830>', distributionMethod='<IDEDistributionMethodiOSAppStoreDistribution: 0x7f94b6c196e0>', team='<IDEProvisioningBasicTeam: 0x7f9498b76620; teamID='WV7PNRHR8Y', teamName='BEETRE LLC.'>'>
	<IDEDistributionContext: 0x7f94b269ee80; archive = '<IDEArchive: 0x7f9499c61830>', distributionMethod='<IDEDistributionMethodiOSAppStoreDistribution: 0x7f94b6c196e0>', team='<IDEProvisioningBasicTeam: 0x7f9498b76620; teamID='WV7PNRHR8Y', teamName='BEETRE LLC.'>'>
	<IDEDistributionContext: 0x7f94b684f860; archive = '<IDEArchive: 0x7f9499c61830>', distributionMethod='<IDEDistributionMethodiOSAppStoreDistribution: 0x7f94b6c196e0>', team='<IDEProvisioningBasicTeam: 0x7f9498b76620; teamID='WV7PNRHR8Y', teamName='BEETRE LLC.'>'>
	<IDEDistributionContext: 0x7f949b336ef0; archive = '<IDEArchive: 0x7f9499c61830>', distributionMethod='<IDEDistributionMethodiOSAppStoreDistribution: 0x7f94b6c196e0>', team='<IDEProvisioningBasicTeam: 0x7f9498b76620; teamID='WV7PNRHR8Y', teamName='BEETRE LLC.'>'>
	<IDEDistributionContext: 0x7f9498d0d8a0; archive = '<IDEArchive: 0x7f9499c61830>', distributionMethod='<IDEDistributionMethodiOSAppStoreDistribution: 0x7f94b6c196e0>', team='<IDEProvisioningBasicTeam: 0x7f9498b76620; teamID='WV7PNRHR8Y', teamName='BEETRE LLC.'>'>
	<IDEDistributionContext: 0x7f949c8c38d0; archive = '<IDEArchive: 0x7f9499c61830>', distributionMethod='<IDEDistributionMethodiOSAppStoreDistribution: 0x7f94b6c196e0>', team='<IDEProvisioningBasicTeam: 0x7f9498b76620; teamID='WV7PNRHR8Y', teamName='BEETRE LLC.'>'>
	<IDEDistributionContext: 0x7f94996b9d60; archive = '<IDEArchive: 0x7f9499c61830>', distributionMethod='<IDEDistributionMethodiOSAppStoreDistribution: 0x7f94b6c196e0>', team='<IDEProvisioningBasicTeam: 0x7f9498b76620; teamID='WV7PNRHR8Y', teamName='BEETRE LLC.'>'>
	<IDEDistributionContext: 0x7f94b58b1740; archive = '<IDEArchive: 0x7f9499c61830>', distributionMethod='<IDEDistributionMethodiOSAppStoreDistribution: 0x7f94b6c196e0>', team='<IDEProvisioningBasicTeam: 0x7f9498b76620; teamID='WV7PNRHR8Y', teamName='BEETRE LLC.'>'>
	<IDEDistributionContext: 0x7f94b2f7c560; archive = '<IDEArchive: 0x7f9499c61830>', distributionMethod='<IDEDistributionMethodiOSAppStoreDistribution: 0x7f94b6c196e0>', team='<IDEProvisioningBasicTeam: 0x7f9498b76620; teamID='WV7PNRHR8Y', teamName='BEETRE LLC.'>'>
	<IDEDistributionContext: 0x7f94b4cab700; archive = '<IDEArchive: 0x7f9499c61830>', distributionMethod='(null)', team='(null)'>
</IDEDistributionProcessingPipelineContext: 0x7f9498c44770>
2018-04-29 06:41:10 +0000  Processing step: IDEDistributionCreateDestRootStep
2018-04-29 06:41:10 +0000  Processing step: IDEDistributionCopyItemStep
2018-04-29 06:41:10 +0000  Running /usr/bin/ditto '-V' '/Users/hmiya/Library/Developer/Xcode/Archives/2018-04-29/RealEstateDataBase 2018-04-29 15.39.xcarchive/Products/Applications/RealEstateDataBase.app' '/var/folders/8d/l9t6jw8x4glcwjnq7vyq42dm0000gn/T/XcodeDistPipeline.5Wc/Root/Payload/RealEstateDataBase.app'
2018-04-29 06:41:10 +0000  >>> Copying /Users/hmiya/Library/Developer/Xcode/Archives/2018-04-29/RealEstateDataBase 2018-04-29 15.39.xcarchive/Products/Applications/RealEstateDataBase.app 
2018-04-29 06:41:10 +0000  copying file ./info.png ... 
2018-04-29 06:41:10 +0000  550 bytes for ./info.png
2018-04-29 06:41:10 +0000  copying file ./_CodeSignature/CodeResources ... 
2018-04-29 06:41:10 +0000  19135 bytes for ./_CodeSignature/CodeResources
2018-04-29 06:41:10 +0000  copying file ./appicon-Small-50.png ... 
2018-04-29 06:41:10 +0000  3971 bytes for ./appicon-Small-50.png
2018-04-29 06:41:10 +0000  copying file ./ja.lproj/InfoPlist.strings ... 
2018-04-29 06:41:10 +0000  42 bytes for ./ja.lproj/InfoPlist.strings
2018-04-29 06:41:10 +0000  copying file ./AppIcon20x20@2x.png ... 
2018-04-29 06:41:10 +0000  2984 bytes for ./AppIcon20x20@2x.png
copying file ./appicon-Small@3x.png ... 
2018-04-29 06:41:10 +0000  8001 bytes for ./appicon-Small@3x.png
2018-04-29 06:41:10 +0000  copying file ./en.lproj/InfoPlist.strings ... 
2018-04-29 06:41:10 +0000  42 bytes for ./en.lproj/InfoPlist.strings
2018-04-29 06:41:10 +0000  copying file ./appicon-72.png ... 
2018-04-29 06:41:10 +0000  6070 bytes for ./appicon-72.png
2018-04-29 06:41:10 +0000  copying file ./sale.png ... 
2018-04-29 06:41:10 +0000  3013 bytes for ./sale.png
2018-04-29 06:41:10 +0000  copying file ./iTunesArtwork ... 
2018-04-29 06:41:10 +0000  67970 bytes for ./iTunesArtwork
2018-04-29 06:41:10 +0000  copying file ./appicon-76.png ... 
2018-04-29 06:41:10 +0000  6772 bytes for ./appicon-76.png
copying file ./OpeTips.html ... 
2018-04-29 06:41:10 +0000  3494 bytes for ./OpeTips.html
2018-04-29 06:41:10 +0000  copying file ./appicon-Small@2x.png ... 
2018-04-29 06:41:10 +0000  4648 bytes for ./appicon-Small@2x.png
2018-04-29 06:41:10 +0000  copying file ./input-s.png ... 
2018-04-29 06:41:10 +0000  318 bytes for ./input-s.png
copying file ./appicon-Small-40.png ... 
2018-04-29 06:41:10 +0000  2984 bytes for ./appicon-Small-40.png
copying file ./AppIcon60x60@2x.png ... 
2018-04-29 06:41:10 +0000  11745 bytes for ./AppIcon60x60@2x.png
copying file ./Airees.png ... 
2018-04-29 06:41:10 +0000  151901 bytes for ./Airees.png
2018-04-29 06:41:10 +0000  copying file ./appicon-Small-50@2x.png ... 
2018-04-29 06:41:10 +0000  9420 bytes for ./appicon-Small-50@2x.png
copying file ./AppIcon29x29@2x.png ... 
2018-04-29 06:41:10 +0000  4648 bytes for ./AppIcon29x29@2x.png
2018-04-29 06:41:10 +0000  copying file ./disclaimer.html ... 
2018-04-29 06:41:10 +0000  1026 bytes for ./disclaimer.html
copying file ./AppIcon40x40@3x.png ... 
2018-04-29 06:41:10 +0000  11745 bytes for ./AppIcon40x40@3x.png
2018-04-29 06:41:10 +0000  copying file ./AppIcon29x29~ipad.png ... 
2018-04-29 06:41:10 +0000  2021 bytes for ./AppIcon29x29~ipad.png
copying file ./AppIcon40x40@2x.png ... 
2018-04-29 06:41:10 +0000  7146 bytes for ./AppIcon40x40@2x.png
2018-04-29 06:41:10 +0000  copying file ./LaunchScreen.nib ... 
2018-04-29 06:41:10 +0000  2224 bytes for ./LaunchScreen.nib
copying file ./AppIcon60x60@3x.png ... 
2018-04-29 06:41:10 +0000  21657 bytes for ./AppIcon60x60@3x.png
2018-04-29 06:41:10 +0000  copying file ./list.png ... 
2018-04-29 06:41:10 +0000  308 bytes for ./list.png
2018-04-29 06:41:10 +0000  copying file ./appicon-Small-40@2x.png ... 
2018-04-29 06:41:10 +0000  7146 bytes for ./appicon-Small-40@2x.png
2018-04-29 06:41:10 +0000  copying file ./graph.png ... 
2018-04-29 06:41:10 +0000  2850 bytes for ./graph.png
2018-04-29 06:41:10 +0000  copying file ./building.png ... 
2018-04-29 06:41:10 +0000  516 bytes for ./building.png
2018-04-29 06:41:10 +0000  copying file ./appicon-76@2x.png ... 
2018-04-29 06:41:10 +0000  16268 bytes for ./appicon-76@2x.png
2018-04-29 06:41:10 +0000  copying file ./Assets.car ... 
2018-04-29 06:41:10 +0000  710952 bytes for ./Assets.car
2018-04-29 06:41:10 +0000  copying file ./AppIcon40x40@2x~ipad.png ... 
2018-04-29 06:41:10 +0000  7146 bytes for ./AppIcon40x40@2x~ipad.png
2018-04-29 06:41:10 +0000  copying file ./AppIcon76x76@2x~ipad.png ... 
2018-04-29 06:41:10 +0000  16268 bytes for ./AppIcon76x76@2x~ipad.png
copying file ./sample2.pdf ... 
2018-04-29 06:41:10 +0000  240439 bytes for ./sample2.pdf
2018-04-29 06:41:10 +0000  copying file ./yen.png ... 
2018-04-29 06:41:10 +0000  1008 bytes for ./yen.png
copying file ./RealEstateDataBase ... 
2018-04-29 06:41:10 +0000  738624 bytes for ./RealEstateDataBase
copying file ./AppIcon83.5x83.5@2x~ipad.png ... 
2018-04-29 06:41:10 +0000  35409 bytes for ./AppIcon83.5x83.5@2x~ipad.png
2018-04-29 06:41:10 +0000  copying file ./appicon.png ... 
2018-04-29 06:41:10 +0000  4552 bytes for ./appicon.png
2018-04-29 06:41:10 +0000  copying file ./AppIcon50x50~ipad.png ... 
2018-04-29 06:41:10 +0000  3971 bytes for ./AppIcon50x50~ipad.png
2018-04-29 06:41:10 +0000  copying file ./appicon-Small.png ... 
2018-04-29 06:41:10 +0000  2021 bytes for ./appicon-Small.png
2018-04-29 06:41:10 +0000  copying file ./input.png ... 
2018-04-29 06:41:10 +0000  374 bytes for ./input.png
2018-04-29 06:41:10 +0000  copying file ./appicon-60@3x.png ... 
2018-04-29 06:41:10 +0000  21657 bytes for ./appicon-60@3x.png
copying file ./AppIcon29x29@2x~ipad.png ... 
2018-04-29 06:41:10 +0000  4648 bytes for ./AppIcon29x29@2x~ipad.png
copying file ./operation.png ... 
2018-04-29 06:41:10 +0000  3106 bytes for ./operation.png
copying file ./AppIcon50x50@2x~ipad.png ... 
2018-04-29 06:41:10 +0000  9420 bytes for ./AppIcon50x50@2x~ipad.png
copying file ./AppIcon40x40~ipad.png ... 
2018-04-29 06:41:10 +0000  2984 bytes for ./AppIcon40x40~ipad.png
copying file ./Frameworks/ObjectiveDropboxOfficial.framework/_CodeSignature/CodeResources ... 
2018-04-29 06:41:10 +0000  2202 bytes for ./Frameworks/ObjectiveDropboxOfficial.framework/_CodeSignature/CodeResources
copying file ./Frameworks/ObjectiveDropboxOfficial.framework/ObjectiveDropboxOfficial ... 
2018-04-29 06:41:10 +0000  29975664 bytes for ./Frameworks/ObjectiveDropboxOfficial.framework/ObjectiveDropboxOfficial
2018-04-29 06:41:10 +0000  copying file ./Frameworks/ObjectiveDropboxOfficial.framework/Info.plist ... 
2018-04-29 06:41:10 +0000  772 bytes for ./Frameworks/ObjectiveDropboxOfficial.framework/Info.plist
copying file ./embedded.mobileprovision ... 
2018-04-29 06:41:10 +0000  9669 bytes for ./embedded.mobileprovision
copying file ./appicon@2x.png ... 
2018-04-29 06:41:10 +0000  10996 bytes for ./appicon@2x.png
2018-04-29 06:41:10 +0000  copying file ./AppIcon20x20@2x~ipad.png ... 
2018-04-29 06:41:10 +0000  2984 bytes for ./AppIcon20x20@2x~ipad.png
2018-04-29 06:41:10 +0000  copying file ./Info.plist ... 
2018-04-29 06:41:10 +0000  1885 bytes for ./Info.plist
copying file ./launch.png ... 
2018-04-29 06:41:10 +0000  151901 bytes for ./launch.png
2018-04-29 06:41:10 +0000  copying file ./PkgInfo ... 
2018-04-29 06:41:10 +0000  8 bytes for ./PkgInfo
copying file ./iTunesArtwork@2x ... 
2018-04-29 06:41:10 +0000  208049 bytes for ./iTunesArtwork@2x
2018-04-29 06:41:10 +0000  copying file ./appicon-72@2x.png ... 
2018-04-29 06:41:10 +0000  14418 bytes for ./appicon-72@2x.png
2018-04-29 06:41:10 +0000  copying file ./info-s.png ... 
2018-04-29 06:41:10 +0000  389 bytes for ./info-s.png
2018-04-29 06:41:10 +0000  copying file ./AppIcon76x76~ipad.png ... 
2018-04-29 06:41:10 +0000  6772 bytes for ./AppIcon76x76~ipad.png
copying file ./appicon-60@2x.png ... 
2018-04-29 06:41:10 +0000  11745 bytes for ./appicon-60@2x.png
2018-04-29 06:41:10 +0000  
2018-04-29 06:41:10 +0000  
2018-04-29 06:41:10 +0000  2018-04-29 06:41:10 +0000  /usr/bin/ditto exited with 0

2018-04-29 06:41:10 +0000  
2018-04-29 06:41:10 +0000  
2018-04-29 06:41:10 +0000  
2018-04-29 06:41:10 +0000  Processing step: IDEDistributionEmbedProfileStep
2018-04-29 06:41:10 +0000  Skipping profile for item: <IDEDistributionItem: 0x7f94b4e6a0a0 'org.cocoapods.ObjectiveDropboxOfficial' '<DVTFilePath:0x7f9498e5d790:'/Users/hmiya/Library/Developer/Xcode/Archives/2018-04-29/RealEstateDataBase 2018-04-29 15.39.xcarchive/Products/Applications/RealEstateDataBase.app/Frameworks/ObjectiveDropboxOfficial.framework'>'>
2018-04-29 06:41:10 +0000  Processing step: IDEDistributionItemRemovalStep
2018-04-29 06:41:10 +0000  Processing step: IDEDistributionAppThinningPlistStep
2018-04-29 06:41:10 +0000  Skipping step: IDEDistributionAppThinningPlistStep because it said so
2018-04-29 06:41:10 +0000  Processing step: IDEDistributionCompileBitcodeStep
2018-04-29 06:41:10 +0000  Skipping step: IDEDistributionCompileBitcodeStep because it said so
2018-04-29 06:41:10 +0000  Processing step: IDEDistributionCodeSlimmingStep
2018-04-29 06:41:10 +0000  Processing step: IDEDistributionCopyBCSymbolMapsStep
2018-04-29 06:41:10 +0000  Processing step: IDEDistributionSymbolsStep
2018-04-29 06:41:10 +0000  Processing symbols for ObjectiveDropboxOfficial.framework
2018-04-29 06:41:10 +0000  Running /usr/bin/rsync '-8aPhhE' '/var/folders/8d/l9t6jw8x4glcwjnq7vyq42dm0000gn/T/XcodeDistPipeline.5Wc/Root/Payload/RealEstateDataBase.app/Frameworks/ObjectiveDropboxOfficial.framework' '--link-dest' '/var/folders/8d/l9t6jw8x4glcwjnq7vyq42dm0000gn/T/XcodeDistPipeline.5Wc/Root/Payload/RealEstateDataBase.app/Frameworks' '/var/folders/8d/l9t6jw8x4glcwjnq7vyq42dm0000gn/T/XcodeDistPipeline.5Wc'
2018-04-29 06:41:10 +0000  building file list ... 
2018-04-29 06:41:10 +0000   0 files...2018-04-29 06:41:10 +0000  5 files to consider
2018-04-29 06:41:10 +0000  ObjectiveDropboxOfficial.framework/
2018-04-29 06:41:10 +0000  ObjectiveDropboxOfficial.framework/_CodeSignature/
2018-04-29 06:41:10 +0000  
2018-04-29 06:41:10 +0000  sent 251 bytes  received 32 bytes  566.00 bytes/sec
total size is 8.88M  speedup is 32897.73
2018-04-29 06:41:10 +0000  
2018-04-29 06:41:10 +0000  /usr/bin/rsync exited with 02018-04-29 06:41:10 +0000  2018-04-29 06:41:10 +0000  


2018-04-29 06:41:10 +0000  Running /usr/bin/rsync '-8aPhhE' '/Users/hmiya/Library/Developer/Xcode/Archives/2018-04-29/RealEstateDataBase 2018-04-29 15.39.xcarchive/dSYMs/' '--link-dest' '/Users/hmiya/Library/Developer/Xcode/Archives/2018-04-29/RealEstateDataBase 2018-04-29 15.39.xcarchive/dSYMs/' '/var/folders/8d/l9t6jw8x4glcwjnq7vyq42dm0000gn/T/XcodeDistPipeline.5Wc'
2018-04-29 06:41:10 +0000  building file list ... 
2018-04-29 06:41:10 +0000   0 files...2018-04-29 06:41:10 +0000  13 files to consider
2018-04-29 06:41:10 +0000  ./
2018-04-29 06:41:10 +0000  ObjectiveDropboxOfficial.framework.dSYM/
ObjectiveDropboxOfficial.framework.dSYM/Contents/
2018-04-29 06:41:10 +0000  ObjectiveDropboxOfficial.framework.dSYM/Contents/Resources/
ObjectiveDropboxOfficial.framework.dSYM/Contents/Resources/DWARF/
RealEstateDataBase.app.dSYM/
RealEstateDataBase.app.dSYM/Contents/
RealEstateDataBase.app.dSYM/Contents/Resources/
RealEstateDataBase.app.dSYM/Contents/Resources/DWARF/
2018-04-29 06:41:10 +0000  
sent 527 bytes  received 74 bytes  1.17K bytes/sec
total size is 24.27M  speedup is 42342.79
2018-04-29 06:41:10 +0000  
2018-04-29 06:41:10 +0000  
2018-04-29 06:41:10 +0000  /usr/bin/rsync exited with 02018-04-29 06:41:10 +0000  

2018-04-29 06:41:10 +0000  
2018-04-29 06:41:10 +0000  Running /Applications/Xcode.app/Contents/Developer/usr/bin/symbols '-noTextInSOD' '-noDaemon' '-arch' 'all' '-symbolsPackageDir' '/var/folders/8d/l9t6jw8x4glcwjnq7vyq42dm0000gn/T/XcodeDistPipeline.5Wc/Symbols' '/var/folders/8d/l9t6jw8x4glcwjnq7vyq42dm0000gn/T/XcodeDistPipeline.5Wc/ObjectiveDropboxOfficial.framework.dSYM/Contents/Resources/Dwarf/ObjectiveDropboxOfficial'
2018-04-29 06:41:11 +0000  /var/folders/8d/l9t6jw8x4glcwjnq7vyq42dm0000gn/T/XcodeDistPipeline.5Wc/ObjectiveDropboxOfficial.framework.dSYM/Contents/Resources/Dwarf/ObjectiveDropboxOfficial [armv7, 0.442831 seconds]:
/var/folders/8d/l9t6jw8x4glcwjnq7vyq42dm0000gn/T/XcodeDistPipeline.5Wc/ObjectiveDropboxOfficial.framework.dSYM/Contents/Resources/Dwarf/ObjectiveDropboxOfficial [arm64, 0.442831 seconds]:
2018-04-29 06:41:11 +0000  
2018-04-29 06:41:11 +0000  
2018-04-29 06:41:11 +0000  
2018-04-29 06:41:11 +0000  
2018-04-29 06:41:11 +0000  /Applications/Xcode.app/Contents/Developer/usr/bin/symbols exited with 0
2018-04-29 06:41:11 +0000  2018-04-29 06:41:11 +0000  

2018-04-29 06:41:11 +0000  Processing symbols for RealEstateDataBase.app
2018-04-29 06:41:11 +0000  Running /usr/bin/rsync '-8aPhhE' '/var/folders/8d/l9t6jw8x4glcwjnq7vyq42dm0000gn/T/XcodeDistPipeline.5Wc/Root/Payload/RealEstateDataBase.app' '--link-dest' '/var/folders/8d/l9t6jw8x4glcwjnq7vyq42dm0000gn/T/XcodeDistPipeline.5Wc/Root/Payload' '/var/folders/8d/l9t6jw8x4glcwjnq7vyq42dm0000gn/T/XcodeDistPipeline.5Wc'
2018-04-29 06:41:11 +0000  building file list ... 
2018-04-29 06:41:11 +0000   0 files...2018-04-29 06:41:11 +0000  67 files to consider
2018-04-29 06:41:11 +0000  RealEstateDataBase.app/
2018-04-29 06:41:11 +0000  RealEstateDataBase.app/Frameworks/
RealEstateDataBase.app/Frameworks/ObjectiveDropboxOfficial.framework/
2018-04-29 06:41:11 +0000  RealEstateDataBase.app/Frameworks/ObjectiveDropboxOfficial.framework/_CodeSignature/
RealEstateDataBase.app/_CodeSignature/
RealEstateDataBase.app/en.lproj/
RealEstateDataBase.app/ja.lproj/
2018-04-29 06:41:11 +0000  
sent 1.98K bytes  received 62 bytes  4.08K bytes/sec
2018-04-29 06:41:11 +0000  total size is 11.36M  speedup is 5703.98
2018-04-29 06:41:11 +0000  
2018-04-29 06:41:11 +0000  2018-04-29 06:41:11 +0000  /usr/bin/rsync exited with 0

2018-04-29 06:41:11 +0000  
2018-04-29 06:41:11 +0000  Running /usr/bin/rsync '-8aPhhE' '/Users/hmiya/Library/Developer/Xcode/Archives/2018-04-29/RealEstateDataBase 2018-04-29 15.39.xcarchive/dSYMs/' '--link-dest' '/Users/hmiya/Library/Developer/Xcode/Archives/2018-04-29/RealEstateDataBase 2018-04-29 15.39.xcarchive/dSYMs/' '/var/folders/8d/l9t6jw8x4glcwjnq7vyq42dm0000gn/T/XcodeDistPipeline.5Wc'
2018-04-29 06:41:11 +0000  building file list ... 
2018-04-29 06:41:11 +0000   0 files...2018-04-29 06:41:11 +0000  13 files to consider
2018-04-29 06:41:11 +0000  ./
2018-04-29 06:41:11 +0000  ObjectiveDropboxOfficial.framework.dSYM/
ObjectiveDropboxOfficial.framework.dSYM/Contents/
ObjectiveDropboxOfficial.framework.dSYM/Contents/Resources/
ObjectiveDropboxOfficial.framework.dSYM/Contents/Resources/DWARF/
RealEstateDataBase.app.dSYM/
2018-04-29 06:41:11 +0000  RealEstateDataBase.app.dSYM/Contents/
RealEstateDataBase.app.dSYM/Contents/Resources/
RealEstateDataBase.app.dSYM/Contents/Resources/DWARF/
2018-04-29 06:41:11 +0000  
2018-04-29 06:41:11 +0000  sent 551 bytes  received 98 bytes  1.27K bytes/sec
total size is 24.27M  speedup is 39211.12
2018-04-29 06:41:11 +0000  
2018-04-29 06:41:11 +0000  /usr/bin/rsync exited with 02018-04-29 06:41:11 +0000  

2018-04-29 06:41:11 +0000  
2018-04-29 06:41:11 +0000  Running /Applications/Xcode.app/Contents/Developer/usr/bin/symbols '-noTextInSOD' '-noDaemon' '-arch' 'all' '-symbolsPackageDir' '/var/folders/8d/l9t6jw8x4glcwjnq7vyq42dm0000gn/T/XcodeDistPipeline.5Wc/Symbols' '/var/folders/8d/l9t6jw8x4glcwjnq7vyq42dm0000gn/T/XcodeDistPipeline.5Wc/RealEstateDataBase.app.dSYM/Contents/Resources/Dwarf/RealEstateDataBase'
2018-04-29 06:41:11 +0000  /var/folders/8d/l9t6jw8x4glcwjnq7vyq42dm0000gn/T/XcodeDistPipeline.5Wc/RealEstateDataBase.app.dSYM/Contents/Resources/Dwarf/RealEstateDataBase [armv7, 0.053436 seconds]:
2018-04-29 06:41:11 +0000  2018-04-29 06:41:11 +0000  

2018-04-29 06:41:11 +0000  /Applications/Xcode.app/Contents/Developer/usr/bin/symbols exited with 02018-04-29 06:41:11 +0000  

2018-04-29 06:41:11 +0000  
2018-04-29 06:41:11 +0000  Processing step: IDEDistributionCopyAppleProvidedContentStep
2018-04-29 06:41:11 +0000  Processing step: IDEDistributionAppThinningStep
2018-04-29 06:41:11 +0000  Skipping step: IDEDistributionAppThinningStep because it said so
2018-04-29 06:41:11 +0000  Processing step: IDEDistributionODRStep
2018-04-29 06:41:11 +0000  Processing step: IDEDistributionStripXattrsStep
2018-04-29 06:41:11 +0000  Skipping stripping extended attributes of item: <IDEDistributionItem: 0x7f94b4e6a0a0 'org.cocoapods.ObjectiveDropboxOfficial' '<DVTFilePath:0x7f9498e5d790:'/Users/hmiya/Library/Developer/Xcode/Archives/2018-04-29/RealEstateDataBase 2018-04-29 15.39.xcarchive/Products/Applications/RealEstateDataBase.app/Frameworks/ObjectiveDropboxOfficial.framework'>'>
2018-04-29 06:41:11 +0000  Running /usr/bin/xattr '-crs' '/var/folders/8d/l9t6jw8x4glcwjnq7vyq42dm0000gn/T/XcodeDistPipeline.5Wc/Root/Payload/RealEstateDataBase.app'
2018-04-29 06:41:12 +0000  
2018-04-29 06:41:12 +0000  2018-04-29 06:41:12 +0000  /usr/bin/xattr exited with 0

2018-04-29 06:41:12 +0000  2018-04-29 06:41:12 +0000  

2018-04-29 06:41:12 +0000  Processing step: IDEDistributionCodesignStep
2018-04-29 06:41:12 +0000  Entitlements for <IDEDistributionItem: 0x7f94b4e6a0a0 'org.cocoapods.ObjectiveDropboxOfficial' '<DVTFilePath:0x7f9498e5d790:'/Users/hmiya/Library/Developer/Xcode/Archives/2018-04-29/RealEstateDataBase 2018-04-29 15.39.xcarchive/Products/Applications/RealEstateDataBase.app/Frameworks/ObjectiveDropboxOfficial.framework'>'>: {
}
2018-04-29 06:41:12 +0000  Writing entitlements for <IDEDistributionItem: 0x7f94b4e6a0a0 'org.cocoapods.ObjectiveDropboxOfficial' '<DVTFilePath:0x7f9498e5d790:'/Users/hmiya/Library/Developer/Xcode/Archives/2018-04-29/RealEstateDataBase 2018-04-29 15.39.xcarchive/Products/Applications/RealEstateDataBase.app/Frameworks/ObjectiveDropboxOfficial.framework'>'> to: /var/folders/8d/l9t6jw8x4glcwjnq7vyq42dm0000gn/T/XcodeDistPipeline.5Wc/entitlementsamOyvo
2018-04-29 06:41:12 +0000  Running /usr/bin/codesign '-vvv' '--force' '--sign' 'FF2714694A699E67F889290B93782382910E85D9' '--preserve-metadata=identifier,flags' '--entitlements' '/var/folders/8d/l9t6jw8x4glcwjnq7vyq42dm0000gn/T/XcodeDistPipeline.5Wc/entitlementsamOyvo' '/var/folders/8d/l9t6jw8x4glcwjnq7vyq42dm0000gn/T/XcodeDistPipeline.5Wc/Root/Payload/RealEstateDataBase.app/Frameworks/ObjectiveDropboxOfficial.framework'
2018-04-29 06:41:12 +0000  /var/folders/8d/l9t6jw8x4glcwjnq7vyq42dm0000gn/T/XcodeDistPipeline.5Wc/Root/Payload/RealEstateDataBase.app/Frameworks/ObjectiveDropboxOfficial.framework: signed bundle with Mach-O universal (armv7) [org.cocoapods.ObjectiveDropboxOfficial]
2018-04-29 06:41:12 +0000  
2018-04-29 06:41:12 +0000  
2018-04-29 06:41:12 +0000  2018-04-29 06:41:12 +0000  /usr/bin/codesign exited with 0
2018-04-29 06:41:12 +0000  

2018-04-29 06:41:12 +0000  Entitlements for <IDEDistributionItem: 0x7f94b540ff10 'com.beetre.RealEstateDataBase' '<DVTFilePath:0x7f94b162ac10:'/Users/hmiya/Library/Developer/Xcode/Archives/2018-04-29/RealEstateDataBase 2018-04-29 15.39.xcarchive/Products/Applications/RealEstateDataBase.app'>'>: {
    "application-identifier" = "WV7PNRHR8Y.com.beetre.RealEstateDataBase";
    "beta-reports-active" = 1;
    "com.apple.developer.team-identifier" = WV7PNRHR8Y;
    "get-task-allow" = 0;
    "keychain-access-groups" =     (
        "WV7PNRHR8Y.com.beetre.RealEstateDataBase"
    );
}
2018-04-29 06:41:12 +0000  Writing entitlements for <IDEDistributionItem: 0x7f94b540ff10 'com.beetre.RealEstateDataBase' '<DVTFilePath:0x7f94b162ac10:'/Users/hmiya/Library/Developer/Xcode/Archives/2018-04-29/RealEstateDataBase 2018-04-29 15.39.xcarchive/Products/Applications/RealEstateDataBase.app'>'> to: /var/folders/8d/l9t6jw8x4glcwjnq7vyq42dm0000gn/T/XcodeDistPipeline.5Wc/entitlementswv0Sz9
2018-04-29 06:41:12 +0000  Running /usr/bin/codesign '-vvv' '--force' '--sign' 'FF2714694A699E67F889290B93782382910E85D9' '--preserve-metadata=identifier,flags' '--entitlements' '/var/folders/8d/l9t6jw8x4glcwjnq7vyq42dm0000gn/T/XcodeDistPipeline.5Wc/entitlementswv0Sz9' '/var/folders/8d/l9t6jw8x4glcwjnq7vyq42dm0000gn/T/XcodeDistPipeline.5Wc/Root/Payload/RealEstateDataBase.app'
2018-04-29 06:41:12 +0000  /var/folders/8d/l9t6jw8x4glcwjnq7vyq42dm0000gn/T/XcodeDistPipeline.5Wc/Root/Payload/RealEstateDataBase.app: replacing existing signature
2018-04-29 06:41:12 +0000  /var/folders/8d/l9t6jw8x4glcwjnq7vyq42dm0000gn/T/XcodeDistPipeline.5Wc/Root/Payload/RealEstateDataBase.app: signed app bundle with Mach-O thin (armv7) [com.beetre.RealEstateDataBase]
2018-04-29 06:41:12 +0000  
2018-04-29 06:41:12 +0000  2018-04-29 06:41:12 +0000  /usr/bin/codesign exited with 0

2018-04-29 06:41:12 +0000  2018-04-29 06:41:12 +0000  

2018-04-29 06:41:12 +0000  Processing step: IDEDistributionStreamingZipItemStep
2018-04-29 06:41:12 +0000  Skipping step: IDEDistributionStreamingZipItemStep because it said so
2018-04-29 06:41:12 +0000  Skipping step: IDEDistributionStreamingZipItemStep because it said so
2018-04-29 06:41:12 +0000  Processing step: IDEDistributionCreateIPAStep
2018-04-29 06:41:12 +0000  Running /usr/bin/rsync '-8aPhhE' '/var/folders/8d/l9t6jw8x4glcwjnq7vyq42dm0000gn/T/XcodeDistPipeline.5Wc/Symbols' '--link-dest' '/var/folders/8d/l9t6jw8x4glcwjnq7vyq42dm0000gn/T/XcodeDistPipeline.5Wc' '/var/folders/8d/l9t6jw8x4glcwjnq7vyq42dm0000gn/T/XcodeDistPipeline.5Wc/Root'
2018-04-29 06:41:12 +0000  building file list ... 
2018-04-29 06:41:12 +0000   0 files...2018-04-29 06:41:12 +0000  4 files to consider
2018-04-29 06:41:12 +0000  Symbols/
2018-04-29 06:41:12 +0000  
sent 246 bytes  received 26 bytes  544.00 bytes/sec
total size is 13.70M  speedup is 52808.88
2018-04-29 06:41:12 +0000  
2018-04-29 06:41:12 +0000  2018-04-29 06:41:12 +0000  /usr/bin/rsync exited with 0
2018-04-29 06:41:12 +0000  
2018-04-29 06:41:12 +0000  

2018-04-29 06:41:12 +0000  Running /usr/bin/ditto '-V' '-c' '-k' '--norsrc' '/var/folders/8d/l9t6jw8x4glcwjnq7vyq42dm0000gn/T/XcodeDistPipeline.5Wc/Root' '/var/folders/8d/l9t6jw8x4glcwjnq7vyq42dm0000gn/T/XcodeDistPipeline.5Wc/Packages/RealEstateDataBase.ipa'
2018-04-29 06:41:12 +0000  >>> Copying /var/folders/8d/l9t6jw8x4glcwjnq7vyq42dm0000gn/T/XcodeDistPipeline.5Wc/Root 
2018-04-29 06:41:12 +0000  copying file ./Payload/RealEstateDataBase.app/info.png ... 
2018-04-29 06:41:12 +0000  550 bytes for ./Payload/RealEstateDataBase.app/info.png
2018-04-29 06:41:12 +0000  copying file ./Payload/RealEstateDataBase.app/_CodeSignature/CodeResources ... 
2018-04-29 06:41:12 +0000  19135 bytes for ./Payload/RealEstateDataBase.app/_CodeSignature/CodeResources
2018-04-29 06:41:12 +0000  copying file ./Payload/RealEstateDataBase.app/appicon-Small-50.png ... 
2018-04-29 06:41:12 +0000  3971 bytes for ./Payload/RealEstateDataBase.app/appicon-Small-50.png
copying file ./Payload/RealEstateDataBase.app/ja.lproj/InfoPlist.strings ... 
42 bytes for ./Payload/RealEstateDataBase.app/ja.lproj/InfoPlist.strings
2018-04-29 06:41:12 +0000  copying file ./Payload/RealEstateDataBase.app/AppIcon20x20@2x.png ... 
2018-04-29 06:41:12 +0000  2984 bytes for ./Payload/RealEstateDataBase.app/AppIcon20x20@2x.png
copying file ./Payload/RealEstateDataBase.app/appicon-Small@3x.png ... 
2018-04-29 06:41:12 +0000  8001 bytes for ./Payload/RealEstateDataBase.app/appicon-Small@3x.png
2018-04-29 06:41:12 +0000  copying file ./Payload/RealEstateDataBase.app/en.lproj/InfoPlist.strings ... 
42 bytes for ./Payload/RealEstateDataBase.app/en.lproj/InfoPlist.strings
copying file ./Payload/RealEstateDataBase.app/appicon-72.png ... 
2018-04-29 06:41:12 +0000  6070 bytes for ./Payload/RealEstateDataBase.app/appicon-72.png
2018-04-29 06:41:12 +0000  copying file ./Payload/RealEstateDataBase.app/sale.png ... 
3013 bytes for ./Payload/RealEstateDataBase.app/sale.png
copying file ./Payload/RealEstateDataBase.app/iTunesArtwork ... 
2018-04-29 06:41:12 +0000  67970 bytes for ./Payload/RealEstateDataBase.app/iTunesArtwork
copying file ./Payload/RealEstateDataBase.app/appicon-76.png ... 
2018-04-29 06:41:12 +0000  6772 bytes for ./Payload/RealEstateDataBase.app/appicon-76.png
2018-04-29 06:41:12 +0000  copying file ./Payload/RealEstateDataBase.app/OpeTips.html ... 
3494 bytes for ./Payload/RealEstateDataBase.app/OpeTips.html
2018-04-29 06:41:12 +0000  copying file ./Payload/RealEstateDataBase.app/appicon-Small@2x.png ... 
4648 bytes for ./Payload/RealEstateDataBase.app/appicon-Small@2x.png
2018-04-29 06:41:12 +0000  copying file ./Payload/RealEstateDataBase.app/input-s.png ... 
2018-04-29 06:41:12 +0000  318 bytes for ./Payload/RealEstateDataBase.app/input-s.png
copying file ./Payload/RealEstateDataBase.app/appicon-Small-40.png ... 
2018-04-29 06:41:12 +0000  2984 bytes for ./Payload/RealEstateDataBase.app/appicon-Small-40.png
copying file ./Payload/RealEstateDataBase.app/AppIcon60x60@2x.png ... 
2018-04-29 06:41:12 +0000  11745 bytes for ./Payload/RealEstateDataBase.app/AppIcon60x60@2x.png
copying file ./Payload/RealEstateDataBase.app/Airees.png ... 
2018-04-29 06:41:12 +0000  151901 bytes for ./Payload/RealEstateDataBase.app/Airees.png
copying file ./Payload/RealEstateDataBase.app/appicon-Small-50@2x.png ... 
2018-04-29 06:41:12 +0000  9420 bytes for ./Payload/RealEstateDataBase.app/appicon-Small-50@2x.png
copying file ./Payload/RealEstateDataBase.app/AppIcon29x29@2x.png ... 
2018-04-29 06:41:12 +0000  4648 bytes for ./Payload/RealEstateDataBase.app/AppIcon29x29@2x.png
copying file ./Payload/RealEstateDataBase.app/disclaimer.html ... 
2018-04-29 06:41:12 +0000  1026 bytes for ./Payload/RealEstateDataBase.app/disclaimer.html
copying file ./Payload/RealEstateDataBase.app/AppIcon40x40@3x.png ... 
2018-04-29 06:41:12 +0000  11745 bytes for ./Payload/RealEstateDataBase.app/AppIcon40x40@3x.png
copying file ./Payload/RealEstateDataBase.app/AppIcon29x29~ipad.png ... 
2018-04-29 06:41:12 +0000  2021 bytes for ./Payload/RealEstateDataBase.app/AppIcon29x29~ipad.png
copying file ./Payload/RealEstateDataBase.app/AppIcon40x40@2x.png ... 
2018-04-29 06:41:12 +0000  7146 bytes for ./Payload/RealEstateDataBase.app/AppIcon40x40@2x.png
copying file ./Payload/RealEstateDataBase.app/LaunchScreen.nib ... 
2018-04-29 06:41:12 +0000  2224 bytes for ./Payload/RealEstateDataBase.app/LaunchScreen.nib
copying file ./Payload/RealEstateDataBase.app/AppIcon60x60@3x.png ... 
2018-04-29 06:41:12 +0000  21657 bytes for ./Payload/RealEstateDataBase.app/AppIcon60x60@3x.png
copying file ./Payload/RealEstateDataBase.app/list.png ... 
2018-04-29 06:41:12 +0000  308 bytes for ./Payload/RealEstateDataBase.app/list.png
copying file ./Payload/RealEstateDataBase.app/appicon-Small-40@2x.png ... 
2018-04-29 06:41:12 +0000  7146 bytes for ./Payload/RealEstateDataBase.app/appicon-Small-40@2x.png
copying file ./Payload/RealEstateDataBase.app/graph.png ... 
2018-04-29 06:41:12 +0000  2850 bytes for ./Payload/RealEstateDataBase.app/graph.png
copying file ./Payload/RealEstateDataBase.app/building.png ... 
2018-04-29 06:41:12 +0000  516 bytes for ./Payload/RealEstateDataBase.app/building.png
copying file ./Payload/RealEstateDataBase.app/appicon-76@2x.png ... 
2018-04-29 06:41:12 +0000  16268 bytes for ./Payload/RealEstateDataBase.app/appicon-76@2x.png
copying file ./Payload/RealEstateDataBase.app/Assets.car ... 
2018-04-29 06:41:12 +0000  710952 bytes for ./Payload/RealEstateDataBase.app/Assets.car
copying file ./Payload/RealEstateDataBase.app/AppIcon40x40@2x~ipad.png ... 
2018-04-29 06:41:12 +0000  7146 bytes for ./Payload/RealEstateDataBase.app/AppIcon40x40@2x~ipad.png
copying file ./Payload/RealEstateDataBase.app/AppIcon76x76@2x~ipad.png ... 
2018-04-29 06:41:12 +0000  16268 bytes for ./Payload/RealEstateDataBase.app/AppIcon76x76@2x~ipad.png
2018-04-29 06:41:12 +0000  copying file ./Payload/RealEstateDataBase.app/sample2.pdf ... 
2018-04-29 06:41:12 +0000  240439 bytes for ./Payload/RealEstateDataBase.app/sample2.pdf
copying file ./Payload/RealEstateDataBase.app/yen.png ... 
2018-04-29 06:41:12 +0000  1008 bytes for ./Payload/RealEstateDataBase.app/yen.png
copying file ./Payload/RealEstateDataBase.app/RealEstateDataBase ... 
2018-04-29 06:41:12 +0000  738672 bytes for ./Payload/RealEstateDataBase.app/RealEstateDataBase
2018-04-29 06:41:12 +0000  copying file ./Payload/RealEstateDataBase.app/AppIcon83.5x83.5@2x~ipad.png ... 
2018-04-29 06:41:12 +0000  35409 bytes for ./Payload/RealEstateDataBase.app/AppIcon83.5x83.5@2x~ipad.png
2018-04-29 06:41:12 +0000  copying file ./Payload/RealEstateDataBase.app/appicon.png ... 
4552 bytes for ./Payload/RealEstateDataBase.app/appicon.png
2018-04-29 06:41:12 +0000  copying file ./Payload/RealEstateDataBase.app/AppIcon50x50~ipad.png ... 
3971 bytes for ./Payload/RealEstateDataBase.app/AppIcon50x50~ipad.png
2018-04-29 06:41:12 +0000  copying file ./Payload/RealEstateDataBase.app/appicon-Small.png ... 
2021 bytes for ./Payload/RealEstateDataBase.app/appicon-Small.png
copying file ./Payload/RealEstateDataBase.app/input.png ... 
2018-04-29 06:41:12 +0000  374 bytes for ./Payload/RealEstateDataBase.app/input.png
copying file ./Payload/RealEstateDataBase.app/appicon-60@3x.png ... 
2018-04-29 06:41:12 +0000  21657 bytes for ./Payload/RealEstateDataBase.app/appicon-60@3x.png
copying file ./Payload/RealEstateDataBase.app/AppIcon29x29@2x~ipad.png ... 
2018-04-29 06:41:12 +0000  4648 bytes for ./Payload/RealEstateDataBase.app/AppIcon29x29@2x~ipad.png
2018-04-29 06:41:12 +0000  copying file ./Payload/RealEstateDataBase.app/operation.png ... 
3106 bytes for ./Payload/RealEstateDataBase.app/operation.png
2018-04-29 06:41:12 +0000  copying file ./Payload/RealEstateDataBase.app/AppIcon50x50@2x~ipad.png ... 
2018-04-29 06:41:12 +0000  9420 bytes for ./Payload/RealEstateDataBase.app/AppIcon50x50@2x~ipad.png
copying file ./Payload/RealEstateDataBase.app/AppIcon40x40~ipad.png ... 
2018-04-29 06:41:12 +0000  2984 bytes for ./Payload/RealEstateDataBase.app/AppIcon40x40~ipad.png
2018-04-29 06:41:12 +0000  copying file ./Payload/RealEstateDataBase.app/Frameworks/ObjectiveDropboxOfficial.framework/_CodeSignature/CodeResources ... 
2202 bytes for ./Payload/RealEstateDataBase.app/Frameworks/ObjectiveDropboxOfficial.framework/_CodeSignature/CodeResources
2018-04-29 06:41:12 +0000  copying file ./Payload/RealEstateDataBase.app/Frameworks/ObjectiveDropboxOfficial.framework/ObjectiveDropboxOfficial ... 
2018-04-29 06:41:13 +0000  9435072 bytes for ./Payload/RealEstateDataBase.app/Frameworks/ObjectiveDropboxOfficial.framework/ObjectiveDropboxOfficial
2018-04-29 06:41:13 +0000  copying file ./Payload/RealEstateDataBase.app/Frameworks/ObjectiveDropboxOfficial.framework/Info.plist ... 
772 bytes for ./Payload/RealEstateDataBase.app/Frameworks/ObjectiveDropboxOfficial.framework/Info.plist
copying file ./Payload/RealEstateDataBase.app/embedded.mobileprovision ... 
7508 bytes for ./Payload/RealEstateDataBase.app/embedded.mobileprovision
copying file ./Payload/RealEstateDataBase.app/appicon@2x.png ... 
10996 bytes for ./Payload/RealEstateDataBase.app/appicon@2x.png
copying file ./Payload/RealEstateDataBase.app/AppIcon20x20@2x~ipad.png ... 
2984 bytes for ./Payload/RealEstateDataBase.app/AppIcon20x20@2x~ipad.png
copying file ./Payload/RealEstateDataBase.app/Info.plist ... 
1885 bytes for ./Payload/RealEstateDataBase.app/Info.plist
copying file ./Payload/RealEstateDataBase.app/launch.png ... 
2018-04-29 06:41:13 +0000  151901 bytes for ./Payload/RealEstateDataBase.app/launch.png
2018-04-29 06:41:13 +0000  copying file ./Payload/RealEstateDataBase.app/PkgInfo ... 
8 bytes for ./Payload/RealEstateDataBase.app/PkgInfo
copying file ./Payload/RealEstateDataBase.app/iTunesArtwork@2x ... 
2018-04-29 06:41:13 +0000  208049 bytes for ./Payload/RealEstateDataBase.app/iTunesArtwork@2x
copying file ./Payload/RealEstateDataBase.app/appicon-72@2x.png ... 
2018-04-29 06:41:13 +0000  14418 bytes for ./Payload/RealEstateDataBase.app/appicon-72@2x.png
2018-04-29 06:41:13 +0000  copying file ./Payload/RealEstateDataBase.app/info-s.png ... 
2018-04-29 06:41:13 +0000  389 bytes for ./Payload/RealEstateDataBase.app/info-s.png
copying file ./Payload/RealEstateDataBase.app/AppIcon76x76~ipad.png ... 
2018-04-29 06:41:13 +0000  6772 bytes for ./Payload/RealEstateDataBase.app/AppIcon76x76~ipad.png
copying file ./Payload/RealEstateDataBase.app/appicon-60@2x.png ... 
2018-04-29 06:41:13 +0000  11745 bytes for ./Payload/RealEstateDataBase.app/appicon-60@2x.png
2018-04-29 06:41:13 +0000  copying file ./Symbols/C9645563-9E0A-331A-90E3-ABF45DCF775F.symbols ... 
2018-04-29 06:41:13 +0000  6215072 bytes for ./Symbols/C9645563-9E0A-331A-90E3-ABF45DCF775F.symbols
2018-04-29 06:41:13 +0000  copying file ./Symbols/88926C55-FAB1-32CF-9F51-CD32502EB1CF.symbols ... 
2018-04-29 06:41:13 +0000  1283376 bytes for ./Symbols/88926C55-FAB1-32CF-9F51-CD32502EB1CF.symbols
2018-04-29 06:41:13 +0000  copying file ./Symbols/E09D656A-FF27-3594-9801-6377998CD38F.symbols ... 
2018-04-29 06:41:14 +0000  6865568 bytes for ./Symbols/E09D656A-FF27-3594-9801-6377998CD38F.symbols
2018-04-29 06:41:14 +0000  2018-04-29 06:41:14 +0000  

2018-04-29 06:41:14 +0000  /usr/bin/ditto exited with 0
2018-04-29 06:41:14 +0000  2018-04-29 06:41:14 +0000  

2018-04-29 06:41:14 +0000  Processing step: IDEDistributionCreateManifestStep
2018-04-29 06:41:14 +0000  Skipping step: IDEDistributionCreateManifestStep because it said so
